<?xml version="1.0" encoding="UTF-8"?>
<!-- Generated by org.testng.reporters.JUnitReportReporter -->
<testsuite skipped="0" hostname="Pradeep" name="com.org.SeleniumScript.App" tests="1" failures="0" timestamp="2020-10-21T15:56:17 IST" time="19.193" errors="0">
  <testcase name="sampleScript" time="19.193" classname="com.org.SeleniumScript.App"/>
  <system-out/>
</testsuite> <!-- com.org.SeleniumScript.App -->
