<?xml version="1.0" encoding="UTF-8"?>
<!-- Generated by org.testng.reporters.JUnitReportReporter -->
<testsuite skipped="0" hostname="Pradeep" name="com.org.SeleniumScript.App" tests="1" failures="0" timestamp="2020-10-21T16:11:01 IST" time="26.321" errors="0">
  <testcase name="sampleScript" time="26.321" classname="com.org.SeleniumScript.App"/>
  <system-out/>
</testsuite> <!-- com.org.SeleniumScript.App -->
